<?xml version="1.0" encoding="UTF-8" ?>
<testsuite tests="6" failures="0" name="put.ai.games.cli.MessageTest" time="0.005" errors="0" skipped="0">
  <properties>
[...]
</properties>
  <testcase classname="put.ai.games.cli.MessageTest" name="tab" time="0.002"/>
  <testcase classname="put.ai.games.cli.MessageTest" name="quot" time="0"/>
  <testcase classname="put.ai.games.cli.MessageTest" name="space" time="0"/>
  <testcase classname="put.ai.games.cli.MessageTest" name="eol" time="0"/>
  <testcase classname="put.ai.games.cli.MessageTest" name="backspace" time="0"/>
  <testcase classname="put.ai.games.cli.MessageTest" name="ruleViolationException" time="0.003"/>
</testsuite>